Error: Unicode server permits only unicode enabled clients.

Can't clobber writable file D:\dev\DS\Prototype\BombBombKing\Assets\Script\BGCheckValue.cs

Can't clobber writable file D:\dev\DS\Prototype\BombBombKing\Assets\Script\BGCheckValue.cs.meta

e1:Can't clobber writable file D:\\dev\\DS\\Prototype\\BombBombKing\\Assets\\Script\\BGCheckValue.cs\n
e1:Can't clobber writable file D:\\dev\\DS\\Prototype\\BombBombKing\\Assets\\Script\\BGCheckValue.cs.meta\n
Error: Unicode server permits only unicode enabled clients.

p1:-1 0 Change 238455 created with 2 open file(s).
p1:-1 0 Submitting change 238455.
p1:-1 0 Locking 2 files ...
p1:-1 0 edit //DS/DS_Main/Prototype/BombBombKing/Assets/Prefabs/woodBox.prefab#3
p1:-1 0 edit //DS/DS_Main/Prototype/BombBombKing/Assets/Prefabs/woodBox.prefab.meta#3
p1:-1 0 Change 238455 submitted.
p1:-1 0 Change 238456 created with 2 open file(s).
p1:-1 0 Submitting change 238456.
p1:-1 0 Locking 2 files ...
p1:-1 0 edit //DS/DS_Main/Prototype/BombBombKing/Assets/Prefabs/fire.prefab#6
p1:-1 0 edit //DS/DS_Main/Prototype/BombBombKing/Assets/Prefabs/fire.prefab.meta#4
p1:-1 0 Change 238456 submitted.
Error: Unicode server permits only unicode enabled clients.

e32:TCP receive failed.\nread: socket: WSAECONNRESET\n
Error: Unicode server permits only unicode enabled clients.

p1:-1 1 Change 238464 created with 2 open file(s).
p1:-1 1 Change 238465 created with 2 open file(s).
p1:-1 1 Submitting change 238465.
p1:-1 1 Locking 2 files ...
p1:-1 1 edit //DS/DS_Main/Prototype/BombBombKing/Assets/Prefabs/fire.prefab#7
p1:-1 1 edit //DS/DS_Main/Prototype/BombBombKing/Assets/Prefabs/fire.prefab.meta#5
p1:-1 1 Change 238465 submitted.
Error: Unicode server permits only unicode enabled clients.

Error: Unicode server permits only unicode enabled clients.

e32:TCP receive failed.\nread: socket: WSAECONNRESET\n
Error: Unicode server permits only unicode enabled clients.

e32:TCP receive failed.\nread: socket: WSAECONNRESET\n
Error: Unicode server permits only unicode enabled clients.

Error: Unicode server permits only unicode enabled clients.

Error: Unicode server permits only unicode enabled clients.

Error: Unicode server permits only unicode enabled clients.

Error: Unicode server permits only unicode enabled clients.

e32:TCP send failed.\nwrite: socket: WSAECONNRESET\n
Error: Unicode server permits only unicode enabled clients.

Error: Unicode server permits only unicode enabled clients.

Error: Unicode server permits only unicode enabled clients.

Error: Unicode server permits only unicode enabled clients.

Error: Unicode server permits only unicode enabled clients.

Error: Unicode server permits only unicode enabled clients.

Error: Unicode server permits only unicode enabled clients.

Error: Unicode server permits only unicode enabled clients.

Error: Unicode server permits only unicode enabled clients.

Error: Unicode server permits only unicode enabled clients.

e32:TCP send failed.\nwrite: socket: WSAECONNRESET\n
Error: Unicode server permits only unicode enabled clients.

Error: Unicode server permits only unicode enabled clients.

Error: Unicode server permits only unicode enabled clients.

Error: Unicode server permits only unicode enabled clients.

e32:TCP receive failed.\nread: socket: WSAECONNRESET\n
Error: Unicode server permits only unicode enabled clients.

Error: Unicode server permits only unicode enabled clients.

Error: Unicode server permits only unicode enabled clients.

Error: Unicode server permits only unicode enabled clients.

Can't clobber writable file D:\dev\DS\Prototype\BombBombKing\Assets\Script\Move.cs

Can't clobber writable file D:\dev\DS\Prototype\BombBombKing\Assets\Script\Move.cs.meta

e1:Can't clobber writable file D:\\dev\\DS\\Prototype\\BombBombKing\\Assets\\Script\\Move.cs\n
e1:Can't clobber writable file D:\\dev\\DS\\Prototype\\BombBombKing\\Assets\\Script\\Move.cs.meta\n
e32:TCP receive failed.\nread: socket: WSAECONNRESET\n
Error: Unicode server permits only unicode enabled clients.

Error: Unicode server permits only unicode enabled clients.

p1:-1 0 Change 238664 created with 1 open file(s).
p1:-1 0 Submitting change 238664.
p1:-1 0 Locking 1 files ...
p1:-1 0 edit //DS/DS_Main/Prototype/BombBombKing/ProjectSettings/ProjectSettings.asset#2
p1:-1 0 Change 238664 submitted.
p1:-1 1 Change 238665 created with 1 open file(s).
p1:-1 1 Submitting change 238665.
p1:-1 1 Locking 1 files ...
p1:-1 1 edit //DS/DS_Main/Prototype/BombBombKing/ProjectSettings/ProjectSettings.asset#3
p1:-1 1 Change 238665 submitted.
p1:-1 0 Change 238666 created with 1 open file(s).
p1:-1 0 Submitting change 238666.
p1:-1 0 Locking 1 files ...
p1:-1 0 edit //DS/DS_Main/Prototype/BombBombKing/ProjectSettings/ProjectSettings.asset#4
p1:-1 0 Change 238666 submitted.
p1:-1 0 Change 238695 created with 1 open file(s).
p1:-1 0 Submitting change 238695.
p1:-1 0 Locking 1 files ...
p1:-1 0 edit //DS/DS_Main/Prototype/BombBombKing/ProjectSettings/TagManager.asset#5
p1:-1 0 Change 238695 submitted.
Error: Unicode server permits only unicode enabled clients.

Can't clobber writable file D:\dev\DS\Prototype\BombBombKing\Assets\Script\Player.cs

Can't clobber writable file D:\dev\DS\Prototype\BombBombKing\Assets\Script\Player.cs.meta

e1:Can't clobber writable file D:\\dev\\DS\\Prototype\\BombBombKing\\Assets\\Script\\Player.cs\n
e1:Can't clobber writable file D:\\dev\\DS\\Prototype\\BombBombKing\\Assets\\Script\\Player.cs.meta\n
Can't clobber writable file D:\dev\DS\Prototype\BombBombKing\Assets\Script\MapLocation.cs

Can't clobber writable file D:\dev\DS\Prototype\BombBombKing\Assets\Script\MapLocation.cs.meta

e1:Can't clobber writable file D:\\dev\\DS\\Prototype\\BombBombKing\\Assets\\Script\\MapLocation.cs\n
e1:Can't clobber writable file D:\\dev\\DS\\Prototype\\BombBombKing\\Assets\\Script\\MapLocation.cs.meta\n
Can't clobber writable file D:\dev\DS\Prototype\BombBombKing\Assets\Script\Move.cs

Can't clobber writable file D:\dev\DS\Prototype\BombBombKing\Assets\Script\Move.cs.meta

e1:Can't clobber writable file D:\\dev\\DS\\Prototype\\BombBombKing\\Assets\\Script\\Move.cs\n
e1:Can't clobber writable file D:\\dev\\DS\\Prototype\\BombBombKing\\Assets\\Script\\Move.cs.meta\n
Error: Unicode server permits only unicode enabled clients.

p1:-1 0 Change 238777 created with 1 open file(s).
p1:-1 0 Submitting change 238777.
p1:-1 0 Locking 1 files ...
p1:-1 0 edit //DS/DS_Main/Prototype/BombBombKing/ProjectSettings/ProjectSettings.asset#5
p1:-1 0 Change 238777 submitted.
e32:TCP receive failed.\nread: socket: WSAECONNRESET\n
Error: Unicode server permits only unicode enabled clients.

e32:TCP receive failed.\nread: socket: WSAECONNRESET\n
Error: Unicode server permits only unicode enabled clients.

Error: Unicode server permits only unicode enabled clients.

e32:TCP receive failed.\nread: socket: WSAECONNRESET\n
Error: Unicode server permits only unicode enabled clients.

Error: Unicode server permits only unicode enabled clients.

Error: Unicode server permits only unicode enabled clients.

Error: Unicode server permits only unicode enabled clients.

p1:-1 0 Change 239155 created with 1 open file(s).
Error: Unicode server permits only unicode enabled clients.

Error: Unicode server permits only unicode enabled clients.

Error: Unicode server permits only unicode enabled clients.

Error: Unicode server permits only unicode enabled clients.

p1:-1 0 Change 239167 created with 1 open file(s).
p1:-1 1 Change 239170 created with 1 open file(s).
p1:-1 0 Change 239172 created with 1 open file(s).
p1:-1 0 Change 239173 created with 1 open file(s).
p1:-1 0 Submitting change 239173.
p1:-1 0 //DS/DS_Main/Prototype/BombBombKing/ProjectSettings/InputManager.asset - must resolve before submitting
p1:-1 0 //DS/DS_Main/Prototype/BombBombKing/ProjectSettings/InputManager.asset - must resolve #4
Out of date files must be resolved or reverted.
Submit failed -- fix problems above then use 'p4 submit -c 239173'.

e1:Out of date files must be resolved or reverted.\nSubmit failed -- fix problems above then use 'p4 submit -c 239173'.\n
p1:-1 0 Change 239174 created with 1 open file(s).
p1:-1 0 Submitting change 239174.
p1:-1 0 Locking 1 files ...
p1:-1 0 edit //DS/DS_Main/Prototype/BombBombKing/ProjectSettings/InputManager.asset#5
p1:-1 1 Change 239174 submitted.
p1:-1 0 Change 239175 created with 1 open file(s).
p1:-1 0 Change 239176 created with 1 open file(s).
p1:-1 0 Submitting change 239176.
p1:-1 0 Locking 1 files ...
p1:-1 0 edit //DS/DS_Main/Prototype/BombBombKing/ProjectSettings/InputManager.asset#6
p1:-1 0 Change 239176 submitted.
